<?xml version="1.0" encoding="UTF-8"?>
<!-- Generated by org.testng.reporters.JUnitReportReporter -->
<testsuite skipped="0" hostname="DESKTOP-1BAF5VM" name="qaclickacademy.RESTAPITest" tests="2" failures="0" timestamp="24 Jul 2021 16:59:21 GMT" time="0.002" errors="0">
  <testcase name="deleteTwitter" time="0.001" classname="qaclickacademy.RESTAPITest"/>
  <testcase name="postJira" time="0.001" classname="qaclickacademy.RESTAPITest"/>
</testsuite> <!-- qaclickacademy.RESTAPITest -->
