<?xml version="1.0" encoding="UTF-8"?>
<!-- Generated by org.testng.reporters.JUnitReportReporter -->
<testsuite skipped="0" hostname="DESKTOP-1BAF5VM" name="qaclickacademy.SeleniumTest" tests="2" failures="0" timestamp="24 Jul 2021 16:59:21 GMT" time="0.001" errors="0">
  <testcase name="elementsUi" time="0.001" classname="qaclickacademy.SeleniumTest"/>
  <testcase name="BrowserAUtomation" time="0.000" classname="qaclickacademy.SeleniumTest"/>
</testsuite> <!-- qaclickacademy.SeleniumTest -->
